18:36:55 **** Build of configuration Debug for project likedList ****
make all 
Building file: ../testing/src/Employee.c
Invoking: GCC C Compiler
gcc -O0 -g3 -Wall -c -fmessage-length=0 -MMD -MP -MF"testing/src/Employee.d" -MT"testing/src/Employee.o" -o "testing/src/Employee.o" "../testing/src/Employee.c"
Finished building: ../testing/src/Employee.c
 
Building file: ../testing/src/addNodeTest.c
Invoking: GCC C Compiler
gcc -O0 -g3 -Wall -c -fmessage-length=0 -MMD -MP -MF"testing/src/addNodeTest.d" -MT"testing/src/addNodeTest.o" -o "testing/src/addNodeTest.o" "../testing/src/addNodeTest.c"
Finished building: ../testing/src/addNodeTest.c
 
Building file: ../testing/src/addTest.c
Invoking: GCC C Compiler
gcc -O0 -g3 -Wall -c -fmessage-length=0 -MMD -MP -MF"testing/src/addTest.d" -MT"testing/src/addTest.o" -o "testing/src/addTest.o" "../testing/src/addTest.c"
Finished building: ../testing/src/addTest.c
 
Building file: ../testing/src/clearTest.c
Invoking: GCC C Compiler
gcc -O0 -g3 -Wall -c -fmessage-length=0 -MMD -MP -MF"testing/src/clearTest.d" -MT"testing/src/clearTest.o" -o "testing/src/clearTest.o" "../testing/src/clearTest.c"
Finished building: ../testing/src/clearTest.c
 
Building file: ../testing/src/cloneTest.c
Invoking: GCC C Compiler
gcc -O0 -g3 -Wall -c -fmessage-length=0 -MMD -MP -MF"testing/src/cloneTest.d" -MT"testing/src/cloneTest.o" -o "testing/src/cloneTest.o" "../testing/src/cloneTest.c"
Finished building: ../testing/src/cloneTest.c
 
Building file: ../testing/src/containsAllTest.c
Invoking: GCC C Compiler
gcc -O0 -g3 -Wall -c -fmessage-length=0 -MMD -MP -MF"testing/src/containsAllTest.d" -MT"testing/src/containsAllTest.o" -o "testing/src/containsAllTest.o" "../testing/src/containsAllTest.c"
Finished building: ../testing/src/containsAllTest.c
 
Building file: ../testing/src/containsTest.c
Invoking: GCC C Compiler
gcc -O0 -g3 -Wall -c -fmessage-length=0 -MMD -MP -MF"testing/src/containsTest.d" -MT"testing/src/containsTest.o" -o "testing/src/containsTest.o" "../testing/src/containsTest.c"
Finished building: ../testing/src/containsTest.c
 
Building file: ../testing/src/deleteLinkedListTest.c
Invoking: GCC C Compiler
gcc -O0 -g3 -Wall -c -fmessage-length=0 -MMD -MP -MF"testing/src/deleteLinkedListTest.d" -MT"testing/src/deleteLinkedListTest.o" -o "testing/src/deleteLinkedListTest.o" "../testing/src/deleteLinkedListTest.c"
Finished building: ../testing/src/deleteLinkedListTest.c
 
Building file: ../testing/src/getNodeTest.c
Invoking: GCC C Compiler
gcc -O0 -g3 -Wall -c -fmessage-length=0 -MMD -MP -MF"testing/src/getNodeTest.d" -MT"testing/src/getNodeTest.o" -o "testing/src/getNodeTest.o" "../testing/src/getNodeTest.c"
Finished building: ../testing/src/getNodeTest.c
 
Building file: ../testing/src/getTest.c
Invoking: GCC C Compiler
gcc -O0 -g3 -Wall -c -fmessage-length=0 -MMD -MP -MF"testing/src/getTest.d" -MT"testing/src/getTest.o" -o "testing/src/getTest.o" "../testing/src/getTest.c"
Finished building: ../testing/src/getTest.c
 
Building file: ../testing/src/indexOfTest.c
Invoking: GCC C Compiler
gcc -O0 -g3 -Wall -c -fmessage-length=0 -MMD -MP -MF"testing/src/indexOfTest.d" -MT"testing/src/indexOfTest.o" -o "testing/src/indexOfTest.o" "../testing/src/indexOfTest.c"
Finished building: ../testing/src/indexOfTest.c
 
Building file: ../testing/src/isEmptyTest.c
Invoking: GCC C Compiler
gcc -O0 -g3 -Wall -c -fmessage-length=0 -MMD -MP -MF"testing/src/isEmptyTest.d" -MT"testing/src/isEmptyTest.o" -o "testing/src/isEmptyTest.o" "../testing/src/isEmptyTest.c"
Finished building: ../testing/src/isEmptyTest.c
 
Building file: ../testing/src/lenTest.c
Invoking: GCC C Compiler
gcc -O0 -g3 -Wall -c -fmessage-length=0 -MMD -MP -MF"testing/src/lenTest.d" -MT"testing/src/lenTest.o" -o "testing/src/lenTest.o" "../testing/src/lenTest.c"
Finished building: ../testing/src/lenTest.c
 
Building file: ../testing/src/main_test.c
Invoking: GCC C Compiler
gcc -O0 -g3 -Wall -c -fmessage-length=0 -MMD -MP -MF"testing/src/main_test.d" -MT"testing/src/main_test.o" -o "testing/src/main_test.o" "../testing/src/main_test.c"
Finished building: ../testing/src/main_test.c
 
Building file: ../testing/src/newTest.c
Invoking: GCC C Compiler
gcc -O0 -g3 -Wall -c -fmessage-length=0 -MMD -MP -MF"testing/src/newTest.d" -MT"testing/src/newTest.o" -o "testing/src/newTest.o" "../testing/src/newTest.c"
Finished building: ../testing/src/newTest.c
 
Building file: ../testing/src/popTest.c
Invoking: GCC C Compiler
gcc -O0 -g3 -Wall -c -fmessage-length=0 -MMD -MP -MF"testing/src/popTest.d" -MT"testing/src/popTest.o" -o "testing/src/popTest.o" "../testing/src/popTest.c"
Finished building: ../testing/src/popTest.c
 
Building file: ../testing/src/pushTest.c
Invoking: GCC C Compiler
gcc -O0 -g3 -Wall -c -fmessage-length=0 -MMD -MP -MF"testing/src/pushTest.d" -MT"testing/src/pushTest.o" -o "testing/src/pushTest.o" "../testing/src/pushTest.c"
Finished building: ../testing/src/pushTest.c
 
Building file: ../testing/src/removeTest.c
Invoking: GCC C Compiler
gcc -O0 -g3 -Wall -c -fmessage-length=0 -MMD -MP -MF"testing/src/removeTest.d" -MT"testing/src/removeTest.o" -o "testing/src/removeTest.o" "../testing/src/removeTest.c"
Finished building: ../testing/src/removeTest.c
 
Building file: ../testing/src/setTest.c
Invoking: GCC C Compiler
gcc -O0 -g3 -Wall -c -fmessage-length=0 -MMD -MP -MF"testing/src/setTest.d" -MT"testing/src/setTest.o" -o "testing/src/setTest.o" "../testing/src/setTest.c"
Finished building: ../testing/src/setTest.c
 
Building file: ../testing/src/sortTest.c
Invoking: GCC C Compiler
gcc -O0 -g3 -Wall -c -fmessage-length=0 -MMD -MP -MF"testing/src/sortTest.d" -MT"testing/src/sortTest.o" -o "testing/src/sortTest.o" "../testing/src/sortTest.c"
Finished building: ../testing/src/sortTest.c
 
Building file: ../testing/src/subListTest.c
Invoking: GCC C Compiler
gcc -O0 -g3 -Wall -c -fmessage-length=0 -MMD -MP -MF"testing/src/subListTest.d" -MT"testing/src/subListTest.o" -o "testing/src/subListTest.o" "../testing/src/subListTest.c"
Finished building: ../testing/src/subListTest.c
 
Building file: ../testing/utest.c
Invoking: GCC C Compiler
gcc -O0 -g3 -Wall -c -fmessage-length=0 -MMD -MP -MF"testing/utest.d" -MT"testing/utest.o" -o "testing/utest.o" "../testing/utest.c"
Finished building: ../testing/utest.c
 
Building file: ../src/LinkedList.c
Invoking: GCC C Compiler
gcc -O0 -g3 -Wall -c -fmessage-length=0 -MMD -MP -MF"src/LinkedList.d" -MT"src/LinkedList.o" -o "src/LinkedList.o" "../src/LinkedList.c"
Finished building: ../src/LinkedList.c
 
Building file: ../src/main.c
Invoking: GCC C Compiler
gcc -O0 -g3 -Wall -c -fmessage-length=0 -MMD -MP -MF"src/main.d" -MT"src/main.o" -o "src/main.o" "../src/main.c"
Finished building: ../src/main.c
 
Building target: likedList
Invoking: GCC C Linker
gcc  -o "likedList"  ./testing/src/Employee.o ./testing/src/addNodeTest.o ./testing/src/addTest.o ./testing/src/clearTest.o ./testing/src/cloneTest.o ./testing/src/containsAllTest.o ./testing/src/containsTest.o ./testing/src/deleteLinkedListTest.o ./testing/src/getNodeTest.o ./testing/src/getTest.o ./testing/src/indexOfTest.o ./testing/src/isEmptyTest.o ./testing/src/lenTest.o ./testing/src/main_test.o ./testing/src/newTest.o ./testing/src/popTest.o ./testing/src/pushTest.o ./testing/src/removeTest.o ./testing/src/setTest.o ./testing/src/sortTest.o ./testing/src/subListTest.o  ./testing/utest.o  ./src/LinkedList.o ./src/main.o   
Finished building target: likedList
 
18:37:27 **** Incremental Build of configuration Debug for project likedList ****
make all 
make: No se hace nada para 'all'.
18:48:28 **** Incremental Build of configuration Debug for project likedList ****
make all 
Building file: ../src/LinkedList.c
Invoking: GCC C Compiler
gcc -O0 -g3 -Wall -c -fmessage-length=0 -MMD -MP -MF"src/LinkedList.d" -MT"src/LinkedList.o" -o "src/LinkedList.o" "../src/LinkedList.c"
Finished building: ../src/LinkedList.c
 
Building target: likedList
Invoking: GCC C Linker
gcc  -o "likedList"  ./testing/src/Employee.o ./testing/src/addNodeTest.o ./testing/src/addTest.o ./testing/src/clearTest.o ./testing/src/cloneTest.o ./testing/src/containsAllTest.o ./testing/src/containsTest.o ./testing/src/deleteLinkedListTest.o ./testing/src/getNodeTest.o ./testing/src/getTest.o ./testing/src/indexOfTest.o ./testing/src/isEmptyTest.o ./testing/src/lenTest.o ./testing/src/main_test.o ./testing/src/newTest.o ./testing/src/popTest.o ./testing/src/pushTest.o ./testing/src/removeTest.o ./testing/src/setTest.o ./testing/src/sortTest.o ./testing/src/subListTest.o  ./testing/utest.o  ./src/LinkedList.o ./src/main.o   
Finished building target: likedList
 
18:48:34 **** Incremental Build of configuration Debug for project likedList ****
make all 
make: No se hace nada para 'all'.
18:48:51 **** Incremental Build of configuration Debug for project likedList ****
make all 
Building file: ../src/main.c
Invoking: GCC C Compiler
gcc -O0 -g3 -Wall -c -fmessage-length=0 -MMD -MP -MF"src/main.d" -MT"src/main.o" -o "src/main.o" "../src/main.c"
Finished building: ../src/main.c
 
Building target: likedList
Invoking: GCC C Linker
gcc  -o "likedList"  ./testing/src/Employee.o ./testing/src/addNodeTest.o ./testing/src/addTest.o ./testing/src/clearTest.o ./testing/src/cloneTest.o ./testing/src/containsAllTest.o ./testing/src/containsTest.o ./testing/src/deleteLinkedListTest.o ./testing/src/getNodeTest.o ./testing/src/getTest.o ./testing/src/indexOfTest.o ./testing/src/isEmptyTest.o ./testing/src/lenTest.o ./testing/src/main_test.o ./testing/src/newTest.o ./testing/src/popTest.o ./testing/src/pushTest.o ./testing/src/removeTest.o ./testing/src/setTest.o ./testing/src/sortTest.o ./testing/src/subListTest.o  ./testing/utest.o  ./src/LinkedList.o ./src/main.o   
Finished building target: likedList
 
18:48:54 **** Incremental Build of configuration Debug for project likedList ****
make all 
make: No se hace nada para 'all'.
18:53:03 **** Incremental Build of configuration Debug for project likedList ****
make all 
Building file: ../src/LinkedList.c
Invoking: GCC C Compiler
gcc -O0 -g3 -Wall -c -fmessage-length=0 -MMD -MP -MF"src/LinkedList.d" -MT"src/LinkedList.o" -o "src/LinkedList.o" "../src/LinkedList.c"
Finished building: ../src/LinkedList.c
 
Building target: likedList
Invoking: GCC C Linker
gcc  -o "likedList"  ./testing/src/Employee.o ./testing/src/addNodeTest.o ./testing/src/addTest.o ./testing/src/clearTest.o ./testing/src/cloneTest.o ./testing/src/containsAllTest.o ./testing/src/containsTest.o ./testing/src/deleteLinkedListTest.o ./testing/src/getNodeTest.o ./testing/src/getTest.o ./testing/src/indexOfTest.o ./testing/src/isEmptyTest.o ./testing/src/lenTest.o ./testing/src/main_test.o ./testing/src/newTest.o ./testing/src/popTest.o ./testing/src/pushTest.o ./testing/src/removeTest.o ./testing/src/setTest.o ./testing/src/sortTest.o ./testing/src/subListTest.o  ./testing/utest.o  ./src/LinkedList.o ./src/main.o   
Finished building target: likedList
 
18:53:05 **** Incremental Build of configuration Debug for project likedList ****
make all 
make: No se hace nada para 'all'.
18:53:05 **** Incremental Build of configuration Debug for project likedList ****
make all 
make: No se hace nada para 'all'.
18:54:33 **** Incremental Build of configuration Debug for project likedList ****
make all 
make: No se hace nada para 'all'.
19:03:54 **** Incremental Build of configuration Debug for project likedList ****
make all 
Building file: ../src/LinkedList.c
Invoking: GCC C Compiler
gcc -O0 -g3 -Wall -c -fmessage-length=0 -MMD -MP -MF"src/LinkedList.d" -MT"src/LinkedList.o" -o "src/LinkedList.o" "../src/LinkedList.c"
Finished building: ../src/LinkedList.c
 
Building file: ../src/main.c
Invoking: GCC C Compiler
gcc -O0 -g3 -Wall -c -fmessage-length=0 -MMD -MP -MF"src/main.d" -MT"src/main.o" -o "src/main.o" "../src/main.c"
Finished building: ../src/main.c
 
Building target: likedList
Invoking: GCC C Linker
gcc  -o "likedList"  ./testing/src/Employee.o ./testing/src/addNodeTest.o ./testing/src/addTest.o ./testing/src/clearTest.o ./testing/src/cloneTest.o ./testing/src/containsAllTest.o ./testing/src/containsTest.o ./testing/src/deleteLinkedListTest.o ./testing/src/getNodeTest.o ./testing/src/getTest.o ./testing/src/indexOfTest.o ./testing/src/isEmptyTest.o ./testing/src/lenTest.o ./testing/src/main_test.o ./testing/src/newTest.o ./testing/src/popTest.o ./testing/src/pushTest.o ./testing/src/removeTest.o ./testing/src/setTest.o ./testing/src/sortTest.o ./testing/src/subListTest.o  ./testing/utest.o  ./src/LinkedList.o ./src/main.o   
Finished building target: likedList
 
19:03:55 **** Incremental Build of configuration Debug for project likedList ****
make all 
make: No se hace nada para 'all'.
19:05:29 **** Incremental Build of configuration Debug for project likedList ****
make all 
Building file: ../src/LinkedList.c
Invoking: GCC C Compiler
gcc -O0 -g3 -Wall -c -fmessage-length=0 -MMD -MP -MF"src/LinkedList.d" -MT"src/LinkedList.o" -o "src/LinkedList.o" "../src/LinkedList.c"
Finished building: ../src/LinkedList.c
 
Building target: likedList
Invoking: GCC C Linker
gcc  -o "likedList"  ./testing/src/Employee.o ./testing/src/addNodeTest.o ./testing/src/addTest.o ./testing/src/clearTest.o ./testing/src/cloneTest.o ./testing/src/containsAllTest.o ./testing/src/containsTest.o ./testing/src/deleteLinkedListTest.o ./testing/src/getNodeTest.o ./testing/src/getTest.o ./testing/src/indexOfTest.o ./testing/src/isEmptyTest.o ./testing/src/lenTest.o ./testing/src/main_test.o ./testing/src/newTest.o ./testing/src/popTest.o ./testing/src/pushTest.o ./testing/src/removeTest.o ./testing/src/setTest.o ./testing/src/sortTest.o ./testing/src/subListTest.o  ./testing/utest.o  ./src/LinkedList.o ./src/main.o   
Finished building target: likedList
 
19:05:29 **** Incremental Build of configuration Debug for project likedList ****
make all 
make: No se hace nada para 'all'.
19:05:30 **** Incremental Build of configuration Debug for project likedList ****
make all 
make: No se hace nada para 'all'.
19:06:19 **** Incremental Build of configuration Debug for project likedList ****
make all 
Building file: ../src/LinkedList.c
Invoking: GCC C Compiler
gcc -O0 -g3 -Wall -c -fmessage-length=0 -MMD -MP -MF"src/LinkedList.d" -MT"src/LinkedList.o" -o "src/LinkedList.o" "../src/LinkedList.c"
Finished building: ../src/LinkedList.c
 
Building target: likedList
Invoking: GCC C Linker
gcc  -o "likedList"  ./testing/src/Employee.o ./testing/src/addNodeTest.o ./testing/src/addTest.o ./testing/src/clearTest.o ./testing/src/cloneTest.o ./testing/src/containsAllTest.o ./testing/src/containsTest.o ./testing/src/deleteLinkedListTest.o ./testing/src/getNodeTest.o ./testing/src/getTest.o ./testing/src/indexOfTest.o ./testing/src/isEmptyTest.o ./testing/src/lenTest.o ./testing/src/main_test.o ./testing/src/newTest.o ./testing/src/popTest.o ./testing/src/pushTest.o ./testing/src/removeTest.o ./testing/src/setTest.o ./testing/src/sortTest.o ./testing/src/subListTest.o  ./testing/utest.o  ./src/LinkedList.o ./src/main.o   
Finished building target: likedList
 
19:06:20 **** Incremental Build of configuration Debug for project likedList ****
make all 
make: No se hace nada para 'all'.
19:06:23 **** Incremental Build of configuration Debug for project likedList ****
make all 
make: No se hace nada para 'all'.
19:07:42 **** Incremental Build of configuration Debug for project likedList ****
make all 
Building file: ../src/LinkedList.c
Invoking: GCC C Compiler
gcc -O0 -g3 -Wall -c -fmessage-length=0 -MMD -MP -MF"src/LinkedList.d" -MT"src/LinkedList.o" -o "src/LinkedList.o" "../src/LinkedList.c"
../src/LinkedList.c: In function ‘getNode’:
../src/LinkedList.c:63:5: error: incompatible types when assigning to type ‘Node {aka struct Node}’ from type ‘Node * {aka struct Node *}’
 *aux=this->pFirstNode;
     ^
../src/LinkedList.c:69:8: error: incompatible types when assigning to type ‘Node {aka struct Node}’ from type ‘struct Node *’
    *aux=aux->pNextNode;
        ^
src/subdir.mk:21: fallo en las instrucciones para el objetivo 'src/LinkedList.o'
make: *** [src/LinkedList.o] Error 1
"make all" terminated with exit code 2. Build might be incomplete.
19:08:39 **** Incremental Build of configuration Debug for project likedList ****
make all 
Building file: ../src/LinkedList.c
Invoking: GCC C Compiler
gcc -O0 -g3 -Wall -c -fmessage-length=0 -MMD -MP -MF"src/LinkedList.d" -MT"src/LinkedList.o" -o "src/LinkedList.o" "../src/LinkedList.c"
../src/LinkedList.c: In function ‘getNode’:
../src/LinkedList.c:65:11: error: incompatible types when returning type ‘Node {aka struct Node}’ but ‘Node * {aka struct Node *}’ was expected
    return aux;
           ^~~
../src/LinkedList.c:70:12: error: invalid type argument of ‘->’ (have ‘Node {aka struct Node}’)
    pAux=aux->pNextNode;
            ^~
../src/LinkedList.c:73:10: error: incompatible types when returning type ‘Node {aka struct Node}’ but ‘Node * {aka struct Node *}’ was expected
   return aux;
          ^~~
../src/LinkedList.c:57:8: warning: variable ‘pAux’ set but not used [-Wunused-but-set-variable]
  Node* pAux;
        ^~~~
src/subdir.mk:21: fallo en las instrucciones para el objetivo 'src/LinkedList.o'
make: *** [src/LinkedList.o] Error 1
"make all" terminated with exit code 2. Build might be incomplete.
19:09:02 **** Incremental Build of configuration Debug for project likedList ****
make all 
Building file: ../src/LinkedList.c
Invoking: GCC C Compiler
gcc -O0 -g3 -Wall -c -fmessage-length=0 -MMD -MP -MF"src/LinkedList.d" -MT"src/LinkedList.o" -o "src/LinkedList.o" "../src/LinkedList.c"
../src/LinkedList.c: In function ‘getNode’:
../src/LinkedList.c:64:6: error: incompatible types when assigning to type ‘Node {aka struct Node}’ from type ‘Node * {aka struct Node *}’
 *pAux=this->pFirstNode;
      ^
../src/LinkedList.c:70:13: error: invalid type argument of ‘->’ (have ‘Node {aka struct Node}’)
    *pAux=aux->pNextNode;
             ^~
src/subdir.mk:21: fallo en las instrucciones para el objetivo 'src/LinkedList.o'
make: *** [src/LinkedList.o] Error 1
"make all" terminated with exit code 2. Build might be incomplete.
19:09:23 **** Incremental Build of configuration Debug for project likedList ****
make all 
Building file: ../src/LinkedList.c
Invoking: GCC C Compiler
gcc -O0 -g3 -Wall -c -fmessage-length=0 -MMD -MP -MF"src/LinkedList.d" -MT"src/LinkedList.o" -o "src/LinkedList.o" "../src/LinkedList.c"
../src/LinkedList.c: In function ‘getNode’:
../src/LinkedList.c:59:6: warning: unused variable ‘i’ [-Wunused-variable]
  int i;
      ^
../src/LinkedList.c:57:8: warning: unused variable ‘pAux’ [-Wunused-variable]
  Node* pAux;
        ^~~~
../src/LinkedList.c:56:7: warning: unused variable ‘aux’ [-Wunused-variable]
  Node aux;
       ^~~
Finished building: ../src/LinkedList.c
 
Building target: likedList
Invoking: GCC C Linker
gcc  -o "likedList"  ./testing/src/Employee.o ./testing/src/addNodeTest.o ./testing/src/addTest.o ./testing/src/clearTest.o ./testing/src/cloneTest.o ./testing/src/containsAllTest.o ./testing/src/containsTest.o ./testing/src/deleteLinkedListTest.o ./testing/src/getNodeTest.o ./testing/src/getTest.o ./testing/src/indexOfTest.o ./testing/src/isEmptyTest.o ./testing/src/lenTest.o ./testing/src/main_test.o ./testing/src/newTest.o ./testing/src/popTest.o ./testing/src/pushTest.o ./testing/src/removeTest.o ./testing/src/setTest.o ./testing/src/sortTest.o ./testing/src/subListTest.o  ./testing/utest.o  ./src/LinkedList.o ./src/main.o   
Finished building target: likedList
 
19:09:45 **** Incremental Build of configuration Debug for project likedList ****
make all 
Building file: ../src/LinkedList.c
Invoking: GCC C Compiler
gcc -O0 -g3 -Wall -c -fmessage-length=0 -MMD -MP -MF"src/LinkedList.d" -MT"src/LinkedList.o" -o "src/LinkedList.o" "../src/LinkedList.c"
../src/LinkedList.c: In function ‘getNode’:
../src/LinkedList.c:56:8: warning: unused variable ‘pAux’ [-Wunused-variable]
  Node* pAux;
        ^~~~
Finished building: ../src/LinkedList.c
 
Building target: likedList
Invoking: GCC C Linker
gcc  -o "likedList"  ./testing/src/Employee.o ./testing/src/addNodeTest.o ./testing/src/addTest.o ./testing/src/clearTest.o ./testing/src/cloneTest.o ./testing/src/containsAllTest.o ./testing/src/containsTest.o ./testing/src/deleteLinkedListTest.o ./testing/src/getNodeTest.o ./testing/src/getTest.o ./testing/src/indexOfTest.o ./testing/src/isEmptyTest.o ./testing/src/lenTest.o ./testing/src/main_test.o ./testing/src/newTest.o ./testing/src/popTest.o ./testing/src/pushTest.o ./testing/src/removeTest.o ./testing/src/setTest.o ./testing/src/sortTest.o ./testing/src/subListTest.o  ./testing/utest.o  ./src/LinkedList.o ./src/main.o   
Finished building target: likedList
 
19:16:43 **** Incremental Build of configuration Debug for project likedList ****
make all 
Building file: ../src/LinkedList.c
Invoking: GCC C Compiler
gcc -O0 -g3 -Wall -c -fmessage-length=0 -MMD -MP -MF"src/LinkedList.d" -MT"src/LinkedList.o" -o "src/LinkedList.o" "../src/LinkedList.c"
../src/LinkedList.c: In function ‘getNode’:
../src/LinkedList.c:62:9: error: incompatible types when assigning to type ‘Node {aka struct Node}’ from type ‘struct Node *’
     *aux=aux->pNextNode;
         ^
src/subdir.mk:21: fallo en las instrucciones para el objetivo 'src/LinkedList.o'
make: *** [src/LinkedList.o] Error 1
"make all" terminated with exit code 2. Build might be incomplete.
19:20:11 **** Incremental Build of configuration Debug for project likedList ****
make all 
Building file: ../src/LinkedList.c
Invoking: GCC C Compiler
gcc -O0 -g3 -Wall -c -fmessage-length=0 -MMD -MP -MF"src/LinkedList.d" -MT"src/LinkedList.o" -o "src/LinkedList.o" "../src/LinkedList.c"
../src/LinkedList.c: In function ‘getNode’:
../src/LinkedList.c:63:9: error: incompatible types when assigning to type ‘Node {aka struct Node}’ from type ‘struct Node *’
     *aux=aux->pNextNode;
         ^
src/subdir.mk:21: fallo en las instrucciones para el objetivo 'src/LinkedList.o'
make: *** [src/LinkedList.o] Error 1
"make all" terminated with exit code 2. Build might be incomplete.
19:20:38 **** Incremental Build of configuration Debug for project likedList ****
make all 
Building file: ../src/LinkedList.c
Invoking: GCC C Compiler
gcc -O0 -g3 -Wall -c -fmessage-length=0 -MMD -MP -MF"src/LinkedList.d" -MT"src/LinkedList.o" -o "src/LinkedList.o" "../src/LinkedList.c"
Finished building: ../src/LinkedList.c
 
Building target: likedList
Invoking: GCC C Linker
gcc  -o "likedList"  ./testing/src/Employee.o ./testing/src/addNodeTest.o ./testing/src/addTest.o ./testing/src/clearTest.o ./testing/src/cloneTest.o ./testing/src/containsAllTest.o ./testing/src/containsTest.o ./testing/src/deleteLinkedListTest.o ./testing/src/getNodeTest.o ./testing/src/getTest.o ./testing/src/indexOfTest.o ./testing/src/isEmptyTest.o ./testing/src/lenTest.o ./testing/src/main_test.o ./testing/src/newTest.o ./testing/src/popTest.o ./testing/src/pushTest.o ./testing/src/removeTest.o ./testing/src/setTest.o ./testing/src/sortTest.o ./testing/src/subListTest.o  ./testing/utest.o  ./src/LinkedList.o ./src/main.o   
Finished building target: likedList
 
19:20:41 **** Incremental Build of configuration Debug for project likedList ****
make all 
make: No se hace nada para 'all'.
19:20:54 **** Incremental Build of configuration Debug for project likedList ****
make all 
make: No se hace nada para 'all'.
19:22:25 **** Incremental Build of configuration Debug for project likedList ****
make all 
Building file: ../src/LinkedList.c
Invoking: GCC C Compiler
gcc -O0 -g3 -Wall -c -fmessage-length=0 -MMD -MP -MF"src/LinkedList.d" -MT"src/LinkedList.o" -o "src/LinkedList.o" "../src/LinkedList.c"
../src/LinkedList.c: In function ‘getNode’:
../src/LinkedList.c:50:5: warning: assignment from incompatible pointer type [-Wincompatible-pointer-types]
  aux=&this->pFirstNode;
     ^
../src/LinkedList.c:53:11: warning: return from incompatible pointer type [-Wincompatible-pointer-types]
    return &this->pFirstNode;
           ^~~~~~~~~~~~~~~~~
../src/LinkedList.c:61:13: warning: return from incompatible pointer type [-Wincompatible-pointer-types]
      return &aux->pNextNode;
             ^~~~~~~~~~~~~~~
../src/LinkedList.c:63:8: warning: assignment from incompatible pointer type [-Wincompatible-pointer-types]
     aux=&aux->pNextNode;
        ^
Finished building: ../src/LinkedList.c
 
Building target: likedList
Invoking: GCC C Linker
gcc  -o "likedList"  ./testing/src/Employee.o ./testing/src/addNodeTest.o ./testing/src/addTest.o ./testing/src/clearTest.o ./testing/src/cloneTest.o ./testing/src/containsAllTest.o ./testing/src/containsTest.o ./testing/src/deleteLinkedListTest.o ./testing/src/getNodeTest.o ./testing/src/getTest.o ./testing/src/indexOfTest.o ./testing/src/isEmptyTest.o ./testing/src/lenTest.o ./testing/src/main_test.o ./testing/src/newTest.o ./testing/src/popTest.o ./testing/src/pushTest.o ./testing/src/removeTest.o ./testing/src/setTest.o ./testing/src/sortTest.o ./testing/src/subListTest.o  ./testing/utest.o  ./src/LinkedList.o ./src/main.o   
Finished building target: likedList
 
19:22:25 **** Incremental Build of configuration Debug for project likedList ****
make all 
make: No se hace nada para 'all'.
19:22:29 **** Incremental Build of configuration Debug for project likedList ****
make all 
make: No se hace nada para 'all'.
19:24:26 **** Incremental Build of configuration Debug for project likedList ****
make all 
Building file: ../src/LinkedList.c
Invoking: GCC C Compiler
gcc -O0 -g3 -Wall -c -fmessage-length=0 -MMD -MP -MF"src/LinkedList.d" -MT"src/LinkedList.o" -o "src/LinkedList.o" "../src/LinkedList.c"
../src/LinkedList.c: In function ‘getNode’:
../src/LinkedList.c:50:5: warning: assignment from incompatible pointer type [-Wincompatible-pointer-types]
  aux=&this->pFirstNode;
     ^
../src/LinkedList.c:63:8: warning: assignment from incompatible pointer type [-Wincompatible-pointer-types]
     aux=&aux->pNextNode;
        ^
Finished building: ../src/LinkedList.c
 
Building target: likedList
Invoking: GCC C Linker
gcc  -o "likedList"  ./testing/src/Employee.o ./testing/src/addNodeTest.o ./testing/src/addTest.o ./testing/src/clearTest.o ./testing/src/cloneTest.o ./testing/src/containsAllTest.o ./testing/src/containsTest.o ./testing/src/deleteLinkedListTest.o ./testing/src/getNodeTest.o ./testing/src/getTest.o ./testing/src/indexOfTest.o ./testing/src/isEmptyTest.o ./testing/src/lenTest.o ./testing/src/main_test.o ./testing/src/newTest.o ./testing/src/popTest.o ./testing/src/pushTest.o ./testing/src/removeTest.o ./testing/src/setTest.o ./testing/src/sortTest.o ./testing/src/subListTest.o  ./testing/utest.o  ./src/LinkedList.o ./src/main.o   
Finished building target: likedList
 
19:24:28 **** Incremental Build of configuration Debug for project likedList ****
make all 
make: No se hace nada para 'all'.
19:26:43 **** Incremental Build of configuration Debug for project likedList ****
make all 
Building file: ../src/LinkedList.c
Invoking: GCC C Compiler
gcc -O0 -g3 -Wall -c -fmessage-length=0 -MMD -MP -MF"src/LinkedList.d" -MT"src/LinkedList.o" -o "src/LinkedList.o" "../src/LinkedList.c"
../src/LinkedList.c: In function ‘getNode’:
../src/LinkedList.c:50:5: warning: assignment from incompatible pointer type [-Wincompatible-pointer-types]
  aux=&this->pFirstNode;
     ^
../src/LinkedList.c:53:11: error: incompatible types when returning type ‘Node {aka struct Node}’ but ‘Node * {aka struct Node *}’ was expected
    return *this->pFirstNode;
           ^~~~~~~~~~~~~~~~~
../src/LinkedList.c:63:8: warning: assignment from incompatible pointer type [-Wincompatible-pointer-types]
     aux=&aux->pNextNode;
        ^
src/subdir.mk:21: fallo en las instrucciones para el objetivo 'src/LinkedList.o'
make: *** [src/LinkedList.o] Error 1
"make all" terminated with exit code 2. Build might be incomplete.
19:27:05 **** Incremental Build of configuration Debug for project likedList ****
make all 
Building file: ../src/LinkedList.c
Invoking: GCC C Compiler
gcc -O0 -g3 -Wall -c -fmessage-length=0 -MMD -MP -MF"src/LinkedList.d" -MT"src/LinkedList.o" -o "src/LinkedList.o" "../src/LinkedList.c"
../src/LinkedList.c: In function ‘getNode’:
../src/LinkedList.c:50:5: warning: assignment from incompatible pointer type [-Wincompatible-pointer-types]
  aux=&this->pFirstNode;
     ^
../src/LinkedList.c:53:14: error: incompatible types when assigning to type ‘Node * {aka struct Node *}’ from type ‘Node {aka struct Node}’
    return aux=*this->pFirstNode;
              ^
../src/LinkedList.c:63:8: warning: assignment from incompatible pointer type [-Wincompatible-pointer-types]
     aux=&aux->pNextNode;
        ^
src/subdir.mk:21: fallo en las instrucciones para el objetivo 'src/LinkedList.o'
make: *** [src/LinkedList.o] Error 1
"make all" terminated with exit code 2. Build might be incomplete.
19:27:05 **** Incremental Build of configuration Debug for project likedList ****
make all 
Building file: ../src/LinkedList.c
Invoking: GCC C Compiler
gcc -O0 -g3 -Wall -c -fmessage-length=0 -MMD -MP -MF"src/LinkedList.d" -MT"src/LinkedList.o" -o "src/LinkedList.o" "../src/LinkedList.c"
../src/LinkedList.c: In function ‘getNode’:
../src/LinkedList.c:50:5: warning: assignment from incompatible pointer type [-Wincompatible-pointer-types]
  aux=&this->pFirstNode;
     ^
../src/LinkedList.c:53:14: error: incompatible types when assigning to type ‘Node * {aka struct Node *}’ from type ‘Node {aka struct Node}’
    return aux=*this->pFirstNode;
              ^
../src/LinkedList.c:63:8: warning: assignment from incompatible pointer type [-Wincompatible-pointer-types]
     aux=&aux->pNextNode;
        ^
src/subdir.mk:21: fallo en las instrucciones para el objetivo 'src/LinkedList.o'
make: *** [src/LinkedList.o] Error 1
"make all" terminated with exit code 2. Build might be incomplete.
19:27:21 **** Incremental Build of configuration Debug for project likedList ****
make all 
Building file: ../src/LinkedList.c
Invoking: GCC C Compiler
gcc -O0 -g3 -Wall -c -fmessage-length=0 -MMD -MP -MF"src/LinkedList.d" -MT"src/LinkedList.o" -o "src/LinkedList.o" "../src/LinkedList.c"
../src/LinkedList.c: In function ‘getNode’:
../src/LinkedList.c:53:11: error: incompatible types when returning type ‘Node {aka struct Node}’ but ‘Node * {aka struct Node *}’ was expected
    return *this->pFirstNode;
           ^~~~~~~~~~~~~~~~~
../src/LinkedList.c:63:8: warning: assignment from incompatible pointer type [-Wincompatible-pointer-types]
     aux=&aux->pNextNode;
        ^
src/subdir.mk:21: fallo en las instrucciones para el objetivo 'src/LinkedList.o'
make: *** [src/LinkedList.o] Error 1
"make all" terminated with exit code 2. Build might be incomplete.
19:27:29 **** Incremental Build of configuration Debug for project likedList ****
make all 
Building file: ../src/LinkedList.c
Invoking: GCC C Compiler
gcc -O0 -g3 -Wall -c -fmessage-length=0 -MMD -MP -MF"src/LinkedList.d" -MT"src/LinkedList.o" -o "src/LinkedList.o" "../src/LinkedList.c"
../src/LinkedList.c: In function ‘getNode’:
../src/LinkedList.c:53:11: warning: return from incompatible pointer type [-Wincompatible-pointer-types]
    return &this->pFirstNode;
           ^~~~~~~~~~~~~~~~~
../src/LinkedList.c:63:8: warning: assignment from incompatible pointer type [-Wincompatible-pointer-types]
     aux=&aux->pNextNode;
        ^
Finished building: ../src/LinkedList.c
 
Building target: likedList
Invoking: GCC C Linker
gcc  -o "likedList"  ./testing/src/Employee.o ./testing/src/addNodeTest.o ./testing/src/addTest.o ./testing/src/clearTest.o ./testing/src/cloneTest.o ./testing/src/containsAllTest.o ./testing/src/containsTest.o ./testing/src/deleteLinkedListTest.o ./testing/src/getNodeTest.o ./testing/src/getTest.o ./testing/src/indexOfTest.o ./testing/src/isEmptyTest.o ./testing/src/lenTest.o ./testing/src/main_test.o ./testing/src/newTest.o ./testing/src/popTest.o ./testing/src/pushTest.o ./testing/src/removeTest.o ./testing/src/setTest.o ./testing/src/sortTest.o ./testing/src/subListTest.o  ./testing/utest.o  ./src/LinkedList.o ./src/main.o   
Finished building target: likedList
 
19:41:32 **** Incremental Build of configuration Debug for project likedList ****
make all 
Building file: ../src/LinkedList.c
Invoking: GCC C Compiler
gcc -O0 -g3 -Wall -c -fmessage-length=0 -MMD -MP -MF"src/LinkedList.d" -MT"src/LinkedList.o" -o "src/LinkedList.o" "../src/LinkedList.c"
../src/LinkedList.c: In function ‘getNode’:
../src/LinkedList.c:50:6: error: incompatible types when assigning to type ‘Node {aka struct Node}’ from type ‘Node * {aka struct Node *}’
  *aux=this->pFirstNode;
      ^
../src/LinkedList.c:63:9: error: incompatible types when assigning to type ‘Node {aka struct Node}’ from type ‘struct Node *’
     *aux=aux->pNextNode;
         ^
src/subdir.mk:21: fallo en las instrucciones para el objetivo 'src/LinkedList.o'
make: *** [src/LinkedList.o] Error 1
"make all" terminated with exit code 2. Build might be incomplete.
20:08:41 **** Incremental Build of configuration Debug for project likedList ****
make all 
Building file: ../src/LinkedList.c
Invoking: GCC C Compiler
gcc -O0 -g3 -Wall -c -fmessage-length=0 -MMD -MP -MF"src/LinkedList.d" -MT"src/LinkedList.o" -o "src/LinkedList.o" "../src/LinkedList.c"
Finished building: ../src/LinkedList.c
 
Building target: likedList
Invoking: GCC C Linker
gcc  -o "likedList"  ./testing/src/Employee.o ./testing/src/addNodeTest.o ./testing/src/addTest.o ./testing/src/clearTest.o ./testing/src/cloneTest.o ./testing/src/containsAllTest.o ./testing/src/containsTest.o ./testing/src/deleteLinkedListTest.o ./testing/src/getNodeTest.o ./testing/src/getTest.o ./testing/src/indexOfTest.o ./testing/src/isEmptyTest.o ./testing/src/lenTest.o ./testing/src/main_test.o ./testing/src/newTest.o ./testing/src/popTest.o ./testing/src/pushTest.o ./testing/src/removeTest.o ./testing/src/setTest.o ./testing/src/sortTest.o ./testing/src/subListTest.o  ./testing/utest.o  ./src/LinkedList.o ./src/main.o   
Finished building target: likedList
 
20:08:50 **** Incremental Build of configuration Debug for project likedList ****
make all 
make: No se hace nada para 'all'.
20:10:23 **** Incremental Build of configuration Debug for project likedList ****
make all 
Building file: ../src/LinkedList.c
Invoking: GCC C Compiler
gcc -O0 -g3 -Wall -c -fmessage-length=0 -MMD -MP -MF"src/LinkedList.d" -MT"src/LinkedList.o" -o "src/LinkedList.o" "../src/LinkedList.c"
Finished building: ../src/LinkedList.c
 
Building target: likedList
Invoking: GCC C Linker
gcc  -o "likedList"  ./testing/src/Employee.o ./testing/src/addNodeTest.o ./testing/src/addTest.o ./testing/src/clearTest.o ./testing/src/cloneTest.o ./testing/src/containsAllTest.o ./testing/src/containsTest.o ./testing/src/deleteLinkedListTest.o ./testing/src/getNodeTest.o ./testing/src/getTest.o ./testing/src/indexOfTest.o ./testing/src/isEmptyTest.o ./testing/src/lenTest.o ./testing/src/main_test.o ./testing/src/newTest.o ./testing/src/popTest.o ./testing/src/pushTest.o ./testing/src/removeTest.o ./testing/src/setTest.o ./testing/src/sortTest.o ./testing/src/subListTest.o  ./testing/utest.o  ./src/LinkedList.o ./src/main.o   
Finished building target: likedList
 
20:10:24 **** Incremental Build of configuration Debug for project likedList ****
make all 
make: No se hace nada para 'all'.
